<?xml version="1.0" encoding="UTF-8"?>
<!-- Generated by org.testng.reporters.JUnitXMLReporter -->
<testsuite hostname="ANUPAMAs-MBP" ignored="0" name="Validating Dashboard" tests="1" failures="1" timestamp="2020-05-02T06:11:00 SGT" time="1.071" errors="0">
  <testcase name="validateAppDashboard" time="0.982" classname="hrapp.validateDashboard">
    <failure type="java.lang.AssertionError" message="expected [Welcom Admin] but found [Welcome Admin]">
      <![CDATA[java.lang.AssertionError: expected [Welcom Admin] but found [Welcome Admin]
at hrapp.validateDashboard.validateAppDashboard(validateDashboard.java:14)
at java.util.ArrayList.forEach(ArrayList.java:1249)
... Removed 32 stack frames]]>
    </failure>
  </testcase> <!-- validateAppDashboard -->
</testsuite> <!-- Validating Dashboard -->
