<?xml version="1.0" encoding="UTF-8"?>
<!-- Generated by org.testng.reporters.JUnitXMLReporter -->
<testsuite ignored="0" hostname="ANUPAMAs-MBP" failures="0" tests="3" name="Validating Dashboard" time="55.843" errors="0" timestamp="2020-05-11T16:33:34 SGT">
  <testcase classname="hrapp.validateDashboard" name="validateAppDashboard" time="3.045"/>
  <testcase classname="hrapp.validateDashboard" name="AddEntitlement" time="26.883"/>
  <testcase classname="hrapp.validateDashboard" name="AddEntitlement" time="25.265"/>
</testsuite> <!-- Validating Dashboard -->
