<?xml version="1.0" encoding="UTF-8"?>
<testng-results ignored="0" total="5" passed="5" failed="0" skipped="0">
  <reporter-output>
  </reporter-output>
  <suite started-at="2020-05-11T16:32:30 SGT" name="Suite" finished-at="2020-05-11T16:33:44 SGT" duration-ms="73554">
    <groups>
    </groups>
    <test started-at="2020-05-11T16:32:30 SGT" name="Validating User Login" finished-at="2020-05-11T16:32:38 SGT" duration-ms="7999">
      <class name="hrapp.HomePage">
        <test-method is-config="true" signature="initialize()[pri:0, instance:hrapp.HomePage@20f5281c]" started-at="2020-05-11T16:32:30 SGT" name="initialize" finished-at="2020-05-11T16:32:32 SGT" duration-ms="2395" status="PASS">
          <reporter-output>
          </reporter-output>
        </test-method> <!-- initialize -->
        <test-method signature="basePageNavigation()[pri:0, instance:hrapp.HomePage@20f5281c]" started-at="2020-05-11T16:32:32 SGT" name="basePageNavigation" finished-at="2020-05-11T16:32:38 SGT" duration-ms="5561" status="PASS">
          <reporter-output>
          </reporter-output>
        </test-method> <!-- basePageNavigation -->
      </class> <!-- hrapp.HomePage -->
    </test> <!-- Validating User Login -->
    <test started-at="2020-05-11T16:32:38 SGT" name="Validating Dashboard" finished-at="2020-05-11T16:33:34 SGT" duration-ms="55843">
      <class name="hrapp.validateDashboard">
        <test-method signature="validateAppDashboard()[pri:1, instance:hrapp.validateDashboard@1e8b7643]" started-at="2020-05-11T16:32:38 SGT" name="validateAppDashboard" finished-at="2020-05-11T16:32:41 SGT" duration-ms="3045" status="PASS">
          <reporter-output>
          </reporter-output>
        </test-method> <!-- validateAppDashboard -->
        <test-method signature="AddEntitlement(java.lang.String, java.lang.String, java.lang.String, java.lang.String)[pri:2, instance:hrapp.validateDashboard@1e8b7643]" started-at="2020-05-11T16:32:42 SGT" name="AddEntitlement" data-provider="addleave" finished-at="2020-05-11T16:33:09 SGT" duration-ms="26883" status="PASS">
          <params>
            <param index="0">
              <value>
                <![CDATA[Russel]]>
              </value>
            </param>
            <param index="1">
              <value>
                <![CDATA[4]]>
              </value>
            </param>
            <param index="2">
              <value>
                <![CDATA[2020-01-01$$2020-12-31]]>
              </value>
            </param>
            <param index="3">
              <value>
                <![CDATA[20]]>
              </value>
            </param>
          </params>
          <reporter-output>
          </reporter-output>
        </test-method> <!-- AddEntitlement -->
        <test-method signature="AddEntitlement(java.lang.String, java.lang.String, java.lang.String, java.lang.String)[pri:2, instance:hrapp.validateDashboard@1e8b7643]" started-at="2020-05-11T16:33:09 SGT" name="AddEntitlement" data-provider="addleave" finished-at="2020-05-11T16:33:34 SGT" duration-ms="25265" status="PASS">
          <params>
            <param index="0">
              <value>
                <![CDATA[Russel]]>
              </value>
            </param>
            <param index="1">
              <value>
                <![CDATA[3]]>
              </value>
            </param>
            <param index="2">
              <value>
                <![CDATA[2020-01-01$$2020-12-31]]>
              </value>
            </param>
            <param index="3">
              <value>
                <![CDATA[30]]>
              </value>
            </param>
          </params>
          <reporter-output>
          </reporter-output>
        </test-method> <!-- AddEntitlement -->
      </class> <!-- hrapp.validateDashboard -->
    </test> <!-- Validating Dashboard -->
    <test started-at="2020-05-11T16:33:34 SGT" name="Validate Assign Leave" finished-at="2020-05-11T16:33:44 SGT" duration-ms="9676">
      <class name="hrapp.validateAssignLeave">
        <test-method signature="assignLeave()[pri:0, instance:hrapp.validateAssignLeave@35645047]" started-at="2020-05-11T16:33:34 SGT" name="assignLeave" finished-at="2020-05-11T16:33:43 SGT" duration-ms="9595" status="PASS">
          <reporter-output>
          </reporter-output>
        </test-method> <!-- assignLeave -->
        <test-method is-config="true" signature="tearDown()[pri:0, instance:hrapp.validateAssignLeave@35645047]" started-at="2020-05-11T16:33:43 SGT" name="tearDown" finished-at="2020-05-11T16:33:44 SGT" duration-ms="79" status="PASS">
          <reporter-output>
          </reporter-output>
        </test-method> <!-- tearDown -->
      </class> <!-- hrapp.validateAssignLeave -->
    </test> <!-- Validate Assign Leave -->
  </suite> <!-- Suite -->
</testng-results>
