<?xml version="1.0" encoding="UTF-8"?>
<testng-results skipped="0" failed="0" ignored="0" total="3" passed="3">
  <reporter-output>
  </reporter-output>
  <suite name="Suite" duration-ms="25317" started-at="2020-05-02T17:14:19 SGT" finished-at="2020-05-02T17:14:44 SGT">
    <groups>
    </groups>
    <test name="Validating User Login" duration-ms="12346" started-at="2020-05-02T17:14:19 SGT" finished-at="2020-05-02T17:14:31 SGT">
      <class name="hrapp.HomePage">
        <test-method status="PASS" signature="initialize()[pri:0, instance:hrapp.HomePage@5f282abb]" name="initialize" is-config="true" duration-ms="1903" started-at="2020-05-02T17:14:19 SGT" finished-at="2020-05-02T17:14:21 SGT">
          <reporter-output>
          </reporter-output>
        </test-method> <!-- initialize -->
        <test-method status="PASS" signature="basePageNavigation()[pri:0, instance:hrapp.HomePage@5f282abb]" name="basePageNavigation" duration-ms="10397" started-at="2020-05-02T17:14:21 SGT" finished-at="2020-05-02T17:14:31 SGT">
          <reporter-output>
          </reporter-output>
        </test-method> <!-- basePageNavigation -->
      </class> <!-- hrapp.HomePage -->
    </test> <!-- Validating User Login -->
    <test name="Validating Dashboard" duration-ms="7421" started-at="2020-05-02T17:14:31 SGT" finished-at="2020-05-02T17:14:39 SGT">
      <class name="hrapp.validateDashboard">
        <test-method status="PASS" signature="validateAppDashboard()[pri:0, instance:hrapp.validateDashboard@34c4973]" name="validateAppDashboard" duration-ms="7418" started-at="2020-05-02T17:14:31 SGT" finished-at="2020-05-02T17:14:39 SGT">
          <reporter-output>
          </reporter-output>
        </test-method> <!-- validateAppDashboard -->
      </class> <!-- hrapp.validateDashboard -->
    </test> <!-- Validating Dashboard -->
    <test name="Validating Add Entitlement" duration-ms="5470" started-at="2020-05-02T17:14:39 SGT" finished-at="2020-05-02T17:14:44 SGT">
      <class name="hrapp.validateAddEntitlement">
        <test-method status="PASS" signature="AddEntitlement()[pri:0, instance:hrapp.validateAddEntitlement@4b553d26]" name="AddEntitlement" duration-ms="5389" started-at="2020-05-02T17:14:39 SGT" finished-at="2020-05-02T17:14:44 SGT">
          <reporter-output>
          </reporter-output>
        </test-method> <!-- AddEntitlement -->
        <test-method status="PASS" signature="tearDown()[pri:0, instance:hrapp.validateAddEntitlement@4b553d26]" name="tearDown" is-config="true" duration-ms="78" started-at="2020-05-02T17:14:44 SGT" finished-at="2020-05-02T17:14:44 SGT">
          <reporter-output>
          </reporter-output>
        </test-method> <!-- tearDown -->
      </class> <!-- hrapp.validateAddEntitlement -->
    </test> <!-- Validating Add Entitlement -->
  </suite> <!-- Suite -->
</testng-results>
